{
  "stats": {
    "suites": 1,
    "tests": 1,
    "passes": 1,
    "pending": 0,
    "failures": 0,
    "start": "2022-10-25T06:47:49.830Z",
    "end": "2022-10-25T06:48:02.789Z",
    "duration": 12959,
    "testsRegistered": 1,
    "passPercent": 100,
    "pendingPercent": 0,
    "other": 0,
    "hasOther": false,
    "skipped": 0,
    "hasSkipped": false
  },
  "results": [
    {
      "uuid": "bc721d80-c28c-46d1-a13e-1392c6dfe39f",
      "title": "",
      "fullFile": "cypress\\integration\\examples\\BDD\\ecom.feature",
      "file": "cypress\\integration\\examples\\BDD\\ecom.feature",
      "beforeHooks": [],
      "afterHooks": [],
      "tests": [],
      "suites": [
        {
          "uuid": "6c76e22b-6568-452c-9535-ad85ac805032",
          "title": "End to end Ecommerce",
          "fullFile": "",
          "file": "",
          "beforeHooks": [],
          "afterHooks": [],
          "tests": [
            {
              "title": "Ecom product delivery",
              "fullTitle": "End to end Ecommerce Ecom product delivery",
              "timedOut": null,
              "duration": 9313,
              "state": "passed",
              "speed": "medium",
              "pass": true,
              "fail": false,
              "pending": false,
              "context": null,
              "code": "const state = window.testState;\nreturn cy\n  .then(() => state.onStartScenario(scenario, indexedSteps))\n  .then(() =>\n    resolveAndRunBeforeHooks.call(this, scenario.tags, state.feature.name)\n  )\n  .then(() =>\n    indexedSteps.forEach((step) =>\n      stepTest.call(this, state, step, rowData)\n    )\n  )\n  .then(() => state.onFinishScenario(scenario));",
              "err": {},
              "uuid": "acff0172-9503-4e95-9de7-77fb975e8ada",
              "parentUUID": "6c76e22b-6568-452c-9535-ad85ac805032",
              "isHook": false,
              "skipped": false
            }
          ],
          "suites": [],
          "passes": [
            "acff0172-9503-4e95-9de7-77fb975e8ada"
          ],
          "failures": [],
          "pending": [],
          "skipped": [],
          "duration": 9313,
          "root": false,
          "rootEmpty": false,
          "_timeout": 2000
        }
      ],
      "passes": [],
      "failures": [],
      "pending": [],
      "skipped": [],
      "duration": 0,
      "root": true,
      "rootEmpty": true,
      "_timeout": 2000
    }
  ],
  "meta": {
    "mocha": {
      "version": "7.0.1"
    },
    "mochawesome": {
      "options": {
        "quiet": false,
        "reportFilename": "mochawesome",
        "saveHtml": true,
        "saveJson": true,
        "consoleReporter": "spec",
        "useInlineDiffs": false,
        "code": true
      },
      "version": "7.1.3"
    },
    "marge": {
      "options": null,
      "version": "6.2.0"
    }
  }
}